{"/workspaces/DanielGoSi97exercise-unit-test-with-jest/app.js": {"path":"/workspaces/DanielGoSi97exercise-unit-test-with-jest/app.js","statementMap":{"0":{"start":{"line":1,"column":25},"end":{"line":4,"column":1}},"1":{"start":{"line":2,"column":24},"end":{"line":2,"column":42}},"2":{"start":{"line":3,"column":4},"end":{"line":3,"column":25}},"3":{"start":{"line":6,"column":24},"end":{"line":9,"column":1}},"4":{"start":{"line":7,"column":21},"end":{"line":7,"column":48}},"5":{"start":{"line":8,"column":4},"end":{"line":8,"column":22}},"6":{"start":{"line":11,"column":23},"end":{"line":14,"column":1}},"7":{"start":{"line":12,"column":23},"end":{"line":12,"column":47}},"8":{"start":{"line":13,"column":4},"end":{"line":13,"column":24}},"9":{"start":{"line":16,"column":0},"end":{"line":16,"column":69}}},"fnMap":{"0":{"name":"(anonymous_0)","decl":{"start":{"line":1,"column":25},"end":{"line":1,"column":26}},"loc":{"start":{"line":1,"column":47},"end":{"line":4,"column":1}},"line":1},"1":{"name":"(anonymous_1)","decl":{"start":{"line":6,"column":24},"end":{"line":6,"column":25}},"loc":{"start":{"line":6,"column":48},"end":{"line":9,"column":1}},"line":6},"2":{"name":"(anonymous_2)","decl":{"start":{"line":11,"column":23},"end":{"line":11,"column":24}},"loc":{"start":{"line":11,"column":44},"end":{"line":14,"column":1}},"line":11}},"branchMap":{},"s":{"0":1,"1":1,"2":1,"3":1,"4":1,"5":1,"6":1,"7":1,"8":1,"9":1},"f":{"0":1,"1":1,"2":1},"b":{},"_coverageSchema":"1a1c01bbd47fc00a2c39e90264f33305004495a9","hash":"b6842c07c51d71248978106a016c770897a455a7"}
}
